2022-06-13T09:59:54+00:00 CRITICAL Uncaught Error: Call to a member function is_built_with_elementor() on bool in C:\xampp\htdocs\domibed\wp-content\plugins\elementor\core\app\modules\import-export\module.php:409
Stack trace:
#0 C:\xampp\htdocs\domibed\wp-content\plugins\elementor\core\app\modules\import-export\module.php(363): Elementor\Core\App\Modules\ImportExport\Module->get_elementor_editor_page_url('0')
#1 C:\xampp\htdocs\domibed\wp-content\plugins\elementor\core\app\modules\import-export\module.php(326): Elementor\Core\App\Modules\ImportExport\Module->get_elementor_editor_home_page_url()
#2 C:\xampp\htdocs\domibed\wp-content\plugins\elementor\core\app\modules\import-export\module.php(437): Elementor\Core\App\Modules\ImportExport\Module->render_import_export_tab_content()
#3 C:\xampp\htdocs\domibed\wp-content\plugins\elementor\includes\settings\settings-page.php(346): Elementor\Core\App\Modules\ImportExport\Module->Elementor\Core\App\Modules\ImportExport\{closure}()
#4 C:\xampp\htdocs\domibed\wp-includes\class-wp-hook.php(307): Elementor in C:\xampp\htdocs\domibed\wp-content\plugins\elementor\core\app\modules\import-export\module.php on line 409

2022-06-13T10:00:05+00:00 CRITICAL Uncaught Error: Call to a member function is_built_with_elementor() on bool in C:\xampp\htdocs\domibed\wp-content\plugins\elementor\core\app\modules\import-export\module.php:409
Stack trace:
#0 C:\xampp\htdocs\domibed\wp-content\plugins\elementor\core\app\modules\import-export\module.php(363): Elementor\Core\App\Modules\ImportExport\Module->get_elementor_editor_page_url('0')
#1 C:\xampp\htdocs\domibed\wp-content\plugins\elementor\core\app\modules\import-export\module.php(326): Elementor\Core\App\Modules\ImportExport\Module->get_elementor_editor_home_page_url()
#2 C:\xampp\htdocs\domibed\wp-content\plugins\elementor\core\app\modules\import-export\module.php(437): Elementor\Core\App\Modules\ImportExport\Module->render_import_export_tab_content()
#3 C:\xampp\htdocs\domibed\wp-content\plugins\elementor\includes\settings\settings-page.php(346): Elementor\Core\App\Modules\ImportExport\Module->Elementor\Core\App\Modules\ImportExport\{closure}()
#4 C:\xampp\htdocs\domibed\wp-includes\class-wp-hook.php(307): Elementor in C:\xampp\htdocs\domibed\wp-content\plugins\elementor\core\app\modules\import-export\module.php on line 409

2022-06-13T10:00:08+00:00 CRITICAL Uncaught Error: Call to a member function is_built_with_elementor() on bool in C:\xampp\htdocs\domibed\wp-content\plugins\elementor\core\app\modules\import-export\module.php:409
Stack trace:
#0 C:\xampp\htdocs\domibed\wp-content\plugins\elementor\core\app\modules\import-export\module.php(363): Elementor\Core\App\Modules\ImportExport\Module->get_elementor_editor_page_url('0')
#1 C:\xampp\htdocs\domibed\wp-content\plugins\elementor\core\app\modules\import-export\module.php(326): Elementor\Core\App\Modules\ImportExport\Module->get_elementor_editor_home_page_url()
#2 C:\xampp\htdocs\domibed\wp-content\plugins\elementor\core\app\modules\import-export\module.php(437): Elementor\Core\App\Modules\ImportExport\Module->render_import_export_tab_content()
#3 C:\xampp\htdocs\domibed\wp-content\plugins\elementor\includes\settings\settings-page.php(346): Elementor\Core\App\Modules\ImportExport\Module->Elementor\Core\App\Modules\ImportExport\{closure}()
#4 C:\xampp\htdocs\domibed\wp-includes\class-wp-hook.php(307): Elementor in C:\xampp\htdocs\domibed\wp-content\plugins\elementor\core\app\modules\import-export\module.php on line 409

2022-06-13T10:00:11+00:00 CRITICAL Uncaught Error: Call to a member function is_built_with_elementor() on bool in C:\xampp\htdocs\domibed\wp-content\plugins\elementor\core\app\modules\import-export\module.php:409
Stack trace:
#0 C:\xampp\htdocs\domibed\wp-content\plugins\elementor\core\app\modules\import-export\module.php(363): Elementor\Core\App\Modules\ImportExport\Module->get_elementor_editor_page_url('0')
#1 C:\xampp\htdocs\domibed\wp-content\plugins\elementor\core\app\modules\import-export\module.php(326): Elementor\Core\App\Modules\ImportExport\Module->get_elementor_editor_home_page_url()
#2 C:\xampp\htdocs\domibed\wp-content\plugins\elementor\core\app\modules\import-export\module.php(437): Elementor\Core\App\Modules\ImportExport\Module->render_import_export_tab_content()
#3 C:\xampp\htdocs\domibed\wp-content\plugins\elementor\includes\settings\settings-page.php(346): Elementor\Core\App\Modules\ImportExport\Module->Elementor\Core\App\Modules\ImportExport\{closure}()
#4 C:\xampp\htdocs\domibed\wp-includes\class-wp-hook.php(307): Elementor in C:\xampp\htdocs\domibed\wp-content\plugins\elementor\core\app\modules\import-export\module.php on line 409

2022-06-13T10:00:12+00:00 CRITICAL Uncaught Error: Call to a member function is_built_with_elementor() on bool in C:\xampp\htdocs\domibed\wp-content\plugins\elementor\core\app\modules\import-export\module.php:409
Stack trace:
#0 C:\xampp\htdocs\domibed\wp-content\plugins\elementor\core\app\modules\import-export\module.php(363): Elementor\Core\App\Modules\ImportExport\Module->get_elementor_editor_page_url('0')
#1 C:\xampp\htdocs\domibed\wp-content\plugins\elementor\core\app\modules\import-export\module.php(326): Elementor\Core\App\Modules\ImportExport\Module->get_elementor_editor_home_page_url()
#2 C:\xampp\htdocs\domibed\wp-content\plugins\elementor\core\app\modules\import-export\module.php(437): Elementor\Core\App\Modules\ImportExport\Module->render_import_export_tab_content()
#3 C:\xampp\htdocs\domibed\wp-content\plugins\elementor\includes\settings\settings-page.php(346): Elementor\Core\App\Modules\ImportExport\Module->Elementor\Core\App\Modules\ImportExport\{closure}()
#4 C:\xampp\htdocs\domibed\wp-includes\class-wp-hook.php(307): Elementor in C:\xampp\htdocs\domibed\wp-content\plugins\elementor\core\app\modules\import-export\module.php on line 409

2022-06-13T10:00:26+00:00 CRITICAL Uncaught Error: Call to a member function is_built_with_elementor() on bool in C:\xampp\htdocs\domibed\wp-content\plugins\elementor\core\app\modules\import-export\module.php:409
Stack trace:
#0 C:\xampp\htdocs\domibed\wp-content\plugins\elementor\core\app\modules\import-export\module.php(363): Elementor\Core\App\Modules\ImportExport\Module->get_elementor_editor_page_url('0')
#1 C:\xampp\htdocs\domibed\wp-content\plugins\elementor\core\app\modules\import-export\module.php(326): Elementor\Core\App\Modules\ImportExport\Module->get_elementor_editor_home_page_url()
#2 C:\xampp\htdocs\domibed\wp-content\plugins\elementor\core\app\modules\import-export\module.php(437): Elementor\Core\App\Modules\ImportExport\Module->render_import_export_tab_content()
#3 C:\xampp\htdocs\domibed\wp-content\plugins\elementor\includes\settings\settings-page.php(346): Elementor\Core\App\Modules\ImportExport\Module->Elementor\Core\App\Modules\ImportExport\{closure}()
#4 C:\xampp\htdocs\domibed\wp-includes\class-wp-hook.php(307): Elementor in C:\xampp\htdocs\domibed\wp-content\plugins\elementor\core\app\modules\import-export\module.php on line 409

2022-06-13T10:00:45+00:00 CRITICAL Uncaught Error: Call to a member function is_built_with_elementor() on bool in C:\xampp\htdocs\domibed\wp-content\plugins\elementor\core\app\modules\import-export\module.php:409
Stack trace:
#0 C:\xampp\htdocs\domibed\wp-content\plugins\elementor\core\app\modules\import-export\module.php(363): Elementor\Core\App\Modules\ImportExport\Module->get_elementor_editor_page_url('0')
#1 C:\xampp\htdocs\domibed\wp-content\plugins\elementor\core\app\modules\import-export\module.php(326): Elementor\Core\App\Modules\ImportExport\Module->get_elementor_editor_home_page_url()
#2 C:\xampp\htdocs\domibed\wp-content\plugins\elementor\core\app\modules\import-export\module.php(437): Elementor\Core\App\Modules\ImportExport\Module->render_import_export_tab_content()
#3 C:\xampp\htdocs\domibed\wp-content\plugins\elementor\includes\settings\settings-page.php(346): Elementor\Core\App\Modules\ImportExport\Module->Elementor\Core\App\Modules\ImportExport\{closure}()
#4 C:\xampp\htdocs\domibed\wp-includes\class-wp-hook.php(307): Elementor in C:\xampp\htdocs\domibed\wp-content\plugins\elementor\core\app\modules\import-export\module.php on line 409

2022-06-13T10:01:17+00:00 CRITICAL Uncaught Error: Call to a member function is_built_with_elementor() on bool in C:\xampp\htdocs\domibed\wp-content\plugins\elementor\core\app\modules\import-export\module.php:409
Stack trace:
#0 C:\xampp\htdocs\domibed\wp-content\plugins\elementor\core\app\modules\import-export\module.php(363): Elementor\Core\App\Modules\ImportExport\Module->get_elementor_editor_page_url('0')
#1 C:\xampp\htdocs\domibed\wp-content\plugins\elementor\core\app\modules\import-export\module.php(326): Elementor\Core\App\Modules\ImportExport\Module->get_elementor_editor_home_page_url()
#2 C:\xampp\htdocs\domibed\wp-content\plugins\elementor\core\app\modules\import-export\module.php(437): Elementor\Core\App\Modules\ImportExport\Module->render_import_export_tab_content()
#3 C:\xampp\htdocs\domibed\wp-content\plugins\elementor\includes\settings\settings-page.php(346): Elementor\Core\App\Modules\ImportExport\Module->Elementor\Core\App\Modules\ImportExport\{closure}()
#4 C:\xampp\htdocs\domibed\wp-includes\class-wp-hook.php(307): Elementor in C:\xampp\htdocs\domibed\wp-content\plugins\elementor\core\app\modules\import-export\module.php on line 409

2022-06-13T10:02:01+00:00 CRITICAL Uncaught Error: Call to a member function is_built_with_elementor() on bool in C:\xampp\htdocs\domibed\wp-content\plugins\elementor\core\app\modules\import-export\module.php:409
Stack trace:
#0 C:\xampp\htdocs\domibed\wp-content\plugins\elementor\core\app\modules\import-export\module.php(363): Elementor\Core\App\Modules\ImportExport\Module->get_elementor_editor_page_url('0')
#1 C:\xampp\htdocs\domibed\wp-content\plugins\elementor\core\app\modules\import-export\module.php(326): Elementor\Core\App\Modules\ImportExport\Module->get_elementor_editor_home_page_url()
#2 C:\xampp\htdocs\domibed\wp-content\plugins\elementor\core\app\modules\import-export\module.php(437): Elementor\Core\App\Modules\ImportExport\Module->render_import_export_tab_content()
#3 C:\xampp\htdocs\domibed\wp-content\plugins\elementor\includes\settings\settings-page.php(346): Elementor\Core\App\Modules\ImportExport\Module->Elementor\Core\App\Modules\ImportExport\{closure}()
#4 C:\xampp\htdocs\domibed\wp-includes\class-wp-hook.php(307): Elementor in C:\xampp\htdocs\domibed\wp-content\plugins\elementor\core\app\modules\import-export\module.php on line 409

2022-06-13T10:02:40+00:00 CRITICAL Uncaught Error: Call to a member function is_built_with_elementor() on bool in C:\xampp\htdocs\domibed\wp-content\plugins\elementor\core\app\modules\import-export\module.php:409
Stack trace:
#0 C:\xampp\htdocs\domibed\wp-content\plugins\elementor\core\app\modules\import-export\module.php(363): Elementor\Core\App\Modules\ImportExport\Module->get_elementor_editor_page_url('0')
#1 C:\xampp\htdocs\domibed\wp-content\plugins\elementor\core\app\modules\import-export\module.php(326): Elementor\Core\App\Modules\ImportExport\Module->get_elementor_editor_home_page_url()
#2 C:\xampp\htdocs\domibed\wp-content\plugins\elementor\core\app\modules\import-export\module.php(437): Elementor\Core\App\Modules\ImportExport\Module->render_import_export_tab_content()
#3 C:\xampp\htdocs\domibed\wp-content\plugins\elementor\includes\settings\settings-page.php(346): Elementor\Core\App\Modules\ImportExport\Module->Elementor\Core\App\Modules\ImportExport\{closure}()
#4 C:\xampp\htdocs\domibed\wp-includes\class-wp-hook.php(307): Elementor in C:\xampp\htdocs\domibed\wp-content\plugins\elementor\core\app\modules\import-export\module.php on line 409

2022-06-13T10:03:01+00:00 CRITICAL Uncaught Error: Call to a member function is_built_with_elementor() on bool in C:\xampp\htdocs\domibed\wp-content\plugins\elementor\core\app\modules\import-export\module.php:409
Stack trace:
#0 C:\xampp\htdocs\domibed\wp-content\plugins\elementor\core\app\modules\import-export\module.php(363): Elementor\Core\App\Modules\ImportExport\Module->get_elementor_editor_page_url('0')
#1 C:\xampp\htdocs\domibed\wp-content\plugins\elementor\core\app\modules\import-export\module.php(326): Elementor\Core\App\Modules\ImportExport\Module->get_elementor_editor_home_page_url()
#2 C:\xampp\htdocs\domibed\wp-content\plugins\elementor\core\app\modules\import-export\module.php(437): Elementor\Core\App\Modules\ImportExport\Module->render_import_export_tab_content()
#3 C:\xampp\htdocs\domibed\wp-content\plugins\elementor\includes\settings\settings-page.php(346): Elementor\Core\App\Modules\ImportExport\Module->Elementor\Core\App\Modules\ImportExport\{closure}()
#4 C:\xampp\htdocs\domibed\wp-includes\class-wp-hook.php(307): Elementor in C:\xampp\htdocs\domibed\wp-content\plugins\elementor\core\app\modules\import-export\module.php on line 409

2022-06-13T10:03:15+00:00 CRITICAL Uncaught Error: Call to a member function is_built_with_elementor() on bool in C:\xampp\htdocs\domibed\wp-content\plugins\elementor\core\app\modules\import-export\module.php:409
Stack trace:
#0 C:\xampp\htdocs\domibed\wp-content\plugins\elementor\core\app\modules\import-export\module.php(363): Elementor\Core\App\Modules\ImportExport\Module->get_elementor_editor_page_url('0')
#1 C:\xampp\htdocs\domibed\wp-content\plugins\elementor\core\app\modules\import-export\module.php(326): Elementor\Core\App\Modules\ImportExport\Module->get_elementor_editor_home_page_url()
#2 C:\xampp\htdocs\domibed\wp-content\plugins\elementor\core\app\modules\import-export\module.php(437): Elementor\Core\App\Modules\ImportExport\Module->render_import_export_tab_content()
#3 C:\xampp\htdocs\domibed\wp-content\plugins\elementor\includes\settings\settings-page.php(346): Elementor\Core\App\Modules\ImportExport\Module->Elementor\Core\App\Modules\ImportExport\{closure}()
#4 C:\xampp\htdocs\domibed\wp-includes\class-wp-hook.php(307): Elementor in C:\xampp\htdocs\domibed\wp-content\plugins\elementor\core\app\modules\import-export\module.php on line 409

2022-06-13T10:03:42+00:00 CRITICAL Uncaught Error: Class 'Elementor\Widget_Base' not found in C:\xampp\htdocs\domibed\wp-content\themes\twentytwenty-child\custom-widget\custom-carousel.php:5
Stack trace:
#0 C:\xampp\htdocs\domibed\wp-content\themes\twentytwenty-child\custom-widget\my-widget.php(16): require_once()
#1 C:\xampp\htdocs\domibed\wp-content\themes\twentytwenty-child\custom-widget\my-widget.php(8): My_Elementor_Widgets->__construct()
#2 C:\xampp\htdocs\domibed\wp-content\themes\twentytwenty-child\custom-widget\my-widget.php(51): My_Elementor_Widgets::get_instance()
#3 C:\xampp\htdocs\domibed\wp-includes\class-wp-hook.php(307): my_elementor_init('')
#4 C:\xampp\htdocs\domibed\wp-includes\class-wp-hook.php(331): WP_Hook->apply_filters(NULL, Array)
#5 C:\xampp\htdocs\domibed\wp-includes\plugin.php(476): WP_Hook->do_action(Array)
#6 C:\xampp\htdocs\domibed\wp-settings.php(598): do_action('init')
#7 C:\xampp\htdocs\domibed\wp-config.php(96): require_once('C:\\xampp\\htdocs...')
#8 C:\xampp\htdocs\domibed\wp-load.php(50): require_once('C:\ in C:\xampp\htdocs\domibed\wp-content\themes\twentytwenty-child\custom-widget\custom-carousel.php on line 5

